\BOOKMARK [1][-]{section*.3}{Πρόλογος}{}% 1
\BOOKMARK [1][-]{section.1}{Εισαγωγή}{}% 2
\BOOKMARK [1][-]{section.2}{Σελίδα Τίτλου και Σελίδα Αποδοχής}{}% 3
\BOOKMARK [2][-]{subsection.2.1}{Εντολές Παροχής Πληροφοριών}{section.2}% 4
\BOOKMARK [3][-]{subsubsection.2.1.1}{Σταθερές Εντολές}{subsection.2.1}% 5
\BOOKMARK [3][-]{subsubsection.2.1.2}{Εντολές με Ορίσματα}{subsection.2.1}% 6
\BOOKMARK [2][-]{subsection.2.2}{Εντολές Πρόσβασης σε Πληροφορίες}{section.2}% 7
\BOOKMARK [1][-]{section.3}{Περιλήψεις και Λέξεις Κλειδιά}{}% 8
\BOOKMARK [2][-]{subsection.3.1}{Περιλήψεις}{section.3}% 9
\BOOKMARK [2][-]{subsection.3.2}{Λέξεις Κλειδιά}{section.3}% 10
\BOOKMARK [1][-]{section.4}{Αφιερώσεις}{}% 11
\BOOKMARK [1][-]{section.5}{Ευχαριστίες}{}% 12
\BOOKMARK [1][-]{section.6}{Περιεχόμενα και Κατάλογοι Σχημάτων και Πινάκων}{}% 13
\BOOKMARK [1][-]{section.7}{Πρόλογος}{}% 14
\BOOKMARK [1][-]{section.8}{Ενότητες, Υποενότητες και Υπο-υπoενότητες}{}% 15
\BOOKMARK [1][-]{section.9}{Πίνακας Ορολογίας}{}% 16
\BOOKMARK [1][-]{section.10}{Ακρωνύμια}{}% 17
\BOOKMARK [1][-]{section.11}{Βιβλιογραφία}{}% 18
\BOOKMARK [1][-]{section.12}{Γραμματοσειρά}{}% 19
\BOOKMARK [1][-]{section*.4}{Πίνακας Ορολογίας}{}% 20
\BOOKMARK [1][-]{section*.5}{Συντμήσεις, Αρκτικόλεξα και Ακρωνύμια}{}% 21
\BOOKMARK [1][-]{section*.6}{Αναφορές}{}% 22
